<?xml version="1.0" encoding="UTF-8"?>
<testsuite xmlns:xsi="http://www.w3.org/2001/XMLSchema-instance" xsi:noNamespaceSchemaLocation="https://maven.apache.org/surefire/maven-surefire-plugin/xsd/surefire-test-report-3.0.xsd" version="3.0" name="PruebasUnitariasArreglosTest" time="0.141" tests="10" errors="0" skipped="0" failures="0">
  <properties>
[...]
</properties>
  <testcase name="pruebaValoresAbsolutosTodosNegativos" classname="PruebasUnitariasArreglosTest" time="0.078"/>
  <testcase name="pruebaSuma1" classname="PruebasUnitariasArreglosTest" time="0.0"/>
  <testcase name="pruebaValoresAbsolutosMixto" classname="PruebasUnitariasArreglosTest" time="0.007"/>
  <testcase name="pruebaInvertirArregloVacio" classname="PruebasUnitariasArreglosTest" time="0.0"/>
  <testcase name="pruebaPromedioNormal" classname="PruebasUnitariasArreglosTest" time="0.002"/>
  <testcase name="pruebaContarMayoresQueNinguno" classname="PruebasUnitariasArreglosTest" time="0.0"/>
  <testcase name="pruebaContarMayoresQue" classname="PruebasUnitariasArreglosTest" time="0.002"/>
  <testcase name="pruebaSuma2nulo" classname="PruebasUnitariasArreglosTest" time="0.002"/>
  <testcase name="pruebaInvertirArreglo" classname="PruebasUnitariasArreglosTest" time="0.0"/>
  <testcase name="pruebaPromedioArregloVacio" classname="PruebasUnitariasArreglosTest" time="0.004"/>
</testsuite>